{
  "RSpec": {
    "coverage": {
      "/Users/gregoryarmstrong/turing/3module/Projects/module_3_assessment/config/environment.rb": [
        null,
        1,
        null,
        null,
        1
      ],
      "/Users/gregoryarmstrong/turing/3module/Projects/module_3_assessment/config/application.rb": [
        1,
        null,
        1,
        null,
        null,
        null,
        1,
        null,
        1,
        1,
        null,
        null,
        null,
        null,
        null,
        null,
        null,
        null,
        null,
        null,
        null,
        1,
        null,
        null
      ],
      "/Users/gregoryarmstrong/turing/3module/Projects/module_3_assessment/config/boot.rb": [
        null,
        1,
        null,
        1
      ],
      "/Users/gregoryarmstrong/turing/3module/Projects/module_3_assessment/config/environments/test.rb": [
        1,
        null,
        null,
        null,
        null,
        null,
        null,
        1,
        null,
        null,
        null,
        null,
        1,
        null,
        null,
        1,
        1,
        null,
        null,
        1,
        1,
        null,
        null,
        1,
        null,
        null,
        1,
        null,
        null,
        null,
        null,
        1,
        null,
        null,
        1,
        null
      ],
      "/Users/gregoryarmstrong/turing/3module/Projects/module_3_assessment/config/initializers/assets.rb": [
        null,
        null,
        null,
        1,
        null,
        null,
        null,
        null
      ],
      "/Users/gregoryarmstrong/turing/3module/Projects/module_3_assessment/config/initializers/backtrace_silencers.rb": [
        null,
        null,
        null,
        null,
        null,
        null,
        null
      ],
      "/Users/gregoryarmstrong/turing/3module/Projects/module_3_assessment/config/initializers/cookies_serializer.rb": [
        null,
        null,
        1
      ],
      "/Users/gregoryarmstrong/turing/3module/Projects/module_3_assessment/config/initializers/filter_parameter_logging.rb": [
        null,
        null,
        null,
        1
      ],
      "/Users/gregoryarmstrong/turing/3module/Projects/module_3_assessment/config/initializers/inflections.rb": [
        null,
        null,
        null,
        null,
        null,
        null,
        null,
        null,
        null,
        null,
        null,
        null,
        null,
        null,
        null,
        null
      ],
      "/Users/gregoryarmstrong/turing/3module/Projects/module_3_assessment/config/initializers/mime_types.rb": [
        null,
        null,
        null,
        null
      ],
      "/Users/gregoryarmstrong/turing/3module/Projects/module_3_assessment/config/initializers/session_store.rb": [
        null,
        null,
        1
      ],
      "/Users/gregoryarmstrong/turing/3module/Projects/module_3_assessment/config/initializers/wrap_parameters.rb": [
        null,
        null,
        null,
        null,
        null,
        null,
        1,
        1,
        null,
        null,
        null,
        null,
        null,
        null
      ],
      "/Users/gregoryarmstrong/turing/3module/Projects/module_3_assessment/config/routes.rb": [
        1,
        1,
        null,
        1,
        1,
        1,
        null,
        1,
        1,
        1,
        null,
        null,
        null
      ],
      "/Users/gregoryarmstrong/turing/3module/Projects/module_3_assessment/app/helpers/api/v1/items_helper.rb": [
        1,
        null
      ],
      "/Users/gregoryarmstrong/turing/3module/Projects/module_3_assessment/app/helpers/application_helper.rb": [
        1,
        null
      ],
      "/Users/gregoryarmstrong/turing/3module/Projects/module_3_assessment/app/helpers/items_helper.rb": [
        1,
        null
      ],
      "/Users/gregoryarmstrong/turing/3module/Projects/module_3_assessment/app/helpers/orders_helper.rb": [
        1,
        null
      ],
      "/Users/gregoryarmstrong/turing/3module/Projects/module_3_assessment/app/helpers/users_helper.rb": [
        1,
        null
      ],
      "/Users/gregoryarmstrong/turing/3module/Projects/module_3_assessment/app/controllers/api/v1/items_controller.rb": [
        1,
        1,
        null,
        1,
        1,
        1,
        null,
        null
      ],
      "/Users/gregoryarmstrong/turing/3module/Projects/module_3_assessment/app/controllers/application_controller.rb": [
        1,
        null,
        1,
        1,
        1,
        null,
        null,
        null,
        1,
        null
      ],
      "/Users/gregoryarmstrong/turing/3module/Projects/module_3_assessment/lib/application_responder.rb": [
        1,
        1,
        1,
        null,
        null,
        null,
        null,
        null,
        null,
        null,
        null,
        null
      ],
      "/Users/gregoryarmstrong/turing/3module/Projects/module_3_assessment/spec/features/display_items_spec.rb": [
        1,
        null,
        1,
        1,
        1,
        null,
        1,
        1,
        null,
        null,
        null
      ],
      "/Users/gregoryarmstrong/turing/3module/Projects/module_3_assessment/spec/helpers/api/v1/items_helper_spec.rb": [
        1,
        null,
        null,
        null,
        null,
        null,
        null,
        null,
        null,
        null,
        null,
        null,
        1,
        1,
        null
      ],
      "/Users/gregoryarmstrong/turing/3module/Projects/module_3_assessment/app/models/item.rb": [
        1,
        1,
        1,
        null
      ],
      "/Users/gregoryarmstrong/turing/3module/Projects/module_3_assessment/app/controllers/items_controller.rb": [
        1,
        1,
        1,
        null,
        null,
        1,
        0,
        null,
        null
      ]
    },
    "timestamp": 1457453882
  }
}
